2025-03-10 19:00:30,882 - __main__ - INFO - Starting MetaZebrobot application...
2025-03-10 19:00:30,907 - __main__ - INFO - Initializing main window...
2025-03-10 19:00:30,907 - metazebrobot.views.main_window - INFO - Initializing main window
2025-03-10 19:00:30,908 - metazebrobot.views.main_window - INFO - Loading data
2025-03-10 19:00:31,031 - metazebrobot.views.main_window - INFO - Setting up UI
2025-03-10 19:00:31,080 - __main__ - INFO - Application started successfully
2025-03-10 19:00:52,330 - metazebrobot.views.main_window - INFO - Closing application
2025-03-10 19:16:24,897 - __main__ - INFO - Starting MetaZebrobot application...
2025-03-10 19:16:24,927 - __main__ - INFO - Initializing main window...
2025-03-10 19:16:24,927 - metazebrobot.views.main_window - INFO - Initializing main window
2025-03-10 19:16:24,927 - metazebrobot.views.main_window - INFO - Loading data
2025-03-10 19:16:25,054 - metazebrobot.views.main_window - INFO - Setting up UI
2025-03-10 19:16:25,099 - __main__ - INFO - Application started successfully
2025-03-10 19:16:53,075 - metazebrobot.views.main_window - INFO - Saving data
2025-03-10 19:17:10,890 - metazebrobot.views.main_window - INFO - Closing application
2025-03-10 19:19:23,923 - __main__ - INFO - Starting MetaZebrobot application...
2025-03-10 19:19:23,941 - __main__ - INFO - Initializing main window...
2025-03-10 19:19:23,941 - metazebrobot.views.main_window - INFO - Initializing main window
2025-03-10 19:19:23,942 - metazebrobot.views.main_window - INFO - Loading data
2025-03-10 19:19:24,061 - metazebrobot.views.main_window - INFO - Setting up UI
2025-03-10 19:19:24,102 - __main__ - INFO - Application started successfully
2025-03-10 19:19:40,934 - metazebrobot.views.dialogs.export_dialog - INFO - Exporting detailed report to /home/delahantyj@hhmi.org/survivability_report.csv
2025-03-10 19:19:40,936 - metazebrobot.utils.export_module - INFO - Found 34 dish JSON files
2025-03-10 19:19:41,041 - metazebrobot.utils.export_module - INFO - Successfully wrote survivability report to /home/delahantyj@hhmi.org/survivability_report.csv
2025-03-10 19:19:41,041 - metazebrobot.views.dialogs.export_dialog - INFO - Successfully exported detailed report to /home/delahantyj@hhmi.org/survivability_report.csv
2025-03-10 19:19:41,041 - metazebrobot.views.dialogs.export_dialog - INFO - Exporting summary report to /home/delahantyj@hhmi.org/survivability_summary.csv
2025-03-10 19:19:41,042 - metazebrobot.utils.export_module - INFO - Found 34 dish JSON files
2025-03-10 19:19:41,137 - metazebrobot.utils.export_module - INFO - Successfully wrote survivability report to /home/delahantyj@hhmi.org/survivability_summary.csv
2025-03-10 19:19:41,137 - metazebrobot.views.dialogs.export_dialog - INFO - Successfully exported summary report to /home/delahantyj@hhmi.org/survivability_summary.csv
2025-03-10 19:24:59,825 - metazebrobot.views.main_window - INFO - Closing application
2025-03-10 19:25:04,422 - __main__ - INFO - Starting MetaZebrobot application...
2025-03-10 19:25:04,447 - __main__ - INFO - Initializing main window...
2025-03-10 19:25:04,448 - metazebrobot.views.main_window - INFO - Initializing main window
2025-03-10 19:25:04,448 - metazebrobot.views.main_window - INFO - Loading data
2025-03-10 19:25:04,587 - metazebrobot.views.main_window - INFO - Setting up UI
2025-03-10 19:25:04,633 - __main__ - INFO - Application started successfully
2025-03-10 19:25:11,994 - metazebrobot.views.dialogs.export_dialog - INFO - Exporting detailed report to /home/delahantyj@hhmi.org/survivability_report.csv
2025-03-10 19:25:11,995 - metazebrobot.utils.export_module - INFO - Found 34 dish JSON files
2025-03-10 19:25:12,116 - metazebrobot.utils.export_module - INFO - Successfully wrote survivability report to /home/delahantyj@hhmi.org/survivability_report.csv
2025-03-10 19:25:12,116 - metazebrobot.views.dialogs.export_dialog - INFO - Successfully exported detailed report to /home/delahantyj@hhmi.org/survivability_report.csv
2025-03-10 19:30:26,030 - metazebrobot.views.main_window - INFO - Closing application
2025-03-10 19:54:09,993 - __main__ - INFO - Starting MetaZebrobot application...
2025-03-10 19:54:10,018 - __main__ - INFO - Initializing main window...
2025-03-10 19:54:10,018 - metazebrobot.views.main_window - INFO - Initializing main window
2025-03-10 19:54:10,018 - metazebrobot.views.main_window - INFO - Loading data
2025-03-10 19:54:10,140 - metazebrobot.views.main_window - INFO - Setting up UI
2025-03-10 19:54:10,187 - __main__ - INFO - Application started successfully
2025-03-10 19:54:15,942 - metazebrobot.views.dialogs.export_dialog - INFO - Exporting detailed report to /home/delahantyj@hhmi.org/survivability_report.csv
2025-03-10 19:54:15,944 - metazebrobot.utils.export_module - INFO - Found 34 dish JSON files
2025-03-10 19:54:16,050 - metazebrobot.utils.export_module - INFO - Successfully wrote survivability report to /home/delahantyj@hhmi.org/survivability_report.csv
2025-03-10 19:54:16,051 - metazebrobot.views.dialogs.export_dialog - INFO - Successfully exported detailed report to /home/delahantyj@hhmi.org/survivability_report.csv
2025-03-10 19:55:58,985 - metazebrobot.views.dialogs.export_dialog - INFO - Exporting detailed report to /home/delahantyj@hhmi.org/survivability_report.csv
2025-03-10 19:55:58,986 - metazebrobot.utils.export_module - INFO - Found 34 dish JSON files
2025-03-10 19:55:59,094 - metazebrobot.utils.export_module - INFO - Successfully wrote survivability report to /home/delahantyj@hhmi.org/survivability_report.csv
2025-03-10 19:55:59,094 - metazebrobot.views.dialogs.export_dialog - INFO - Successfully exported detailed report to /home/delahantyj@hhmi.org/survivability_report.csv
2025-03-10 20:03:15,695 - metazebrobot.views.dialogs.export_dialog - INFO - Exporting detailed report to /home/delahantyj@hhmi.org/survivability_report.csv
2025-03-10 20:03:15,697 - metazebrobot.utils.export_module - INFO - Found 34 dish JSON files
2025-03-10 20:03:15,826 - metazebrobot.utils.export_module - INFO - Successfully wrote survivability report to /home/delahantyj@hhmi.org/survivability_report.csv
2025-03-10 20:03:15,827 - metazebrobot.views.dialogs.export_dialog - INFO - Successfully exported detailed report to /home/delahantyj@hhmi.org/survivability_report.csv
2025-03-10 20:12:48,233 - metazebrobot.views.dialogs.export_dialog - INFO - Exporting detailed report to /home/delahantyj@hhmi.org/survivability_report.csv
2025-03-10 20:12:48,234 - metazebrobot.utils.export_module - INFO - Found 34 dish JSON files
2025-03-10 20:12:48,341 - metazebrobot.utils.export_module - INFO - Successfully wrote survivability report to /home/delahantyj@hhmi.org/survivability_report.csv
2025-03-10 20:12:48,341 - metazebrobot.views.dialogs.export_dialog - INFO - Successfully exported detailed report to /home/delahantyj@hhmi.org/survivability_report.csv
2025-03-10 20:31:09,331 - metazebrobot.views.main_window - INFO - Saving data
2025-03-10 20:31:15,428 - metazebrobot.views.dialogs.export_dialog - INFO - Exporting detailed report to /home/delahantyj@hhmi.org/survivability_report.csv
2025-03-10 20:31:15,429 - metazebrobot.utils.export_module - INFO - Found 34 dish JSON files
2025-03-10 20:31:15,553 - metazebrobot.utils.export_module - INFO - Successfully wrote survivability report to /home/delahantyj@hhmi.org/survivability_report.csv
2025-03-10 20:31:15,553 - metazebrobot.views.dialogs.export_dialog - INFO - Successfully exported detailed report to /home/delahantyj@hhmi.org/survivability_report.csv
2025-03-10 20:32:39,341 - metazebrobot.views.dialogs.export_dialog - INFO - Exporting detailed report to /home/delahantyj@hhmi.org/survivability_report.csv
2025-03-10 20:32:39,352 - metazebrobot.utils.export_module - INFO - Found 34 dish JSON files
2025-03-10 20:32:39,456 - metazebrobot.utils.export_module - INFO - Successfully wrote survivability report to /home/delahantyj@hhmi.org/survivability_report.csv
2025-03-10 20:32:39,456 - metazebrobot.views.dialogs.export_dialog - INFO - Successfully exported detailed report to /home/delahantyj@hhmi.org/survivability_report.csv
2025-03-10 20:45:07,017 - metazebrobot.views.dialogs.export_dialog - INFO - Exporting detailed report to /home/delahantyj@hhmi.org/survivability_report.csv
2025-03-10 20:45:07,018 - metazebrobot.utils.export_module - INFO - Found 34 dish JSON files
2025-03-10 20:45:07,135 - metazebrobot.utils.export_module - INFO - Successfully wrote survivability report to /home/delahantyj@hhmi.org/survivability_report.csv
2025-03-10 20:45:07,135 - metazebrobot.views.dialogs.export_dialog - INFO - Successfully exported detailed report to /home/delahantyj@hhmi.org/survivability_report.csv
2025-03-10 20:46:47,050 - metazebrobot.views.dialogs.export_dialog - INFO - Exporting detailed report to /home/delahantyj@hhmi.org/survivability_report.csv
2025-03-10 20:46:47,051 - metazebrobot.utils.export_module - INFO - Found 34 dish JSON files
2025-03-10 20:46:47,159 - metazebrobot.utils.export_module - INFO - Successfully wrote survivability report to /home/delahantyj@hhmi.org/survivability_report.csv
2025-03-10 20:46:47,159 - metazebrobot.views.dialogs.export_dialog - INFO - Successfully exported detailed report to /home/delahantyj@hhmi.org/survivability_report.csv
2025-03-10 20:49:52,485 - metazebrobot.views.dialogs.export_dialog - INFO - Exporting detailed report to /home/delahantyj@hhmi.org/survivability_report.csv
2025-03-10 20:49:52,487 - metazebrobot.utils.export_module - INFO - Found 34 dish JSON files
2025-03-10 20:49:52,604 - metazebrobot.utils.export_module - INFO - Successfully wrote survivability report to /home/delahantyj@hhmi.org/survivability_report.csv
2025-03-10 20:49:52,604 - metazebrobot.views.dialogs.export_dialog - INFO - Successfully exported detailed report to /home/delahantyj@hhmi.org/survivability_report.csv
2025-03-11 13:54:51,739 - metazebrobot.views.main_window - INFO - Closing application
2025-03-11 13:56:33,249 - __main__ - INFO - Starting MetaZebrobot application...
2025-03-11 13:56:33,275 - __main__ - INFO - Initializing main window...
2025-03-11 13:56:33,275 - metazebrobot.views.main_window - INFO - Initializing main window
2025-03-11 13:56:33,275 - metazebrobot.views.main_window - INFO - Loading data
2025-03-11 13:56:33,392 - metazebrobot.views.main_window - INFO - Setting up UI
2025-03-11 13:56:33,439 - __main__ - INFO - Application started successfully
2025-03-11 13:56:38,215 - metazebrobot.views.dialogs.export_dialog - INFO - Exporting detailed report to /home/delahantyj@hhmi.org/survivability_report.csv
2025-03-11 13:56:38,216 - metazebrobot.utils.export_module - INFO - Found 34 dish JSON files
2025-03-11 13:56:38,310 - metazebrobot.utils.export_module - INFO - Successfully wrote survivability report to /home/delahantyj@hhmi.org/survivability_report.csv
2025-03-11 13:56:38,310 - metazebrobot.views.dialogs.export_dialog - INFO - Successfully exported detailed report to /home/delahantyj@hhmi.org/survivability_report.csv
2025-03-14 12:50:09,655 - metazebrobot.views.main_window - INFO - Closing application
2025-03-14 12:50:54,804 - __main__ - INFO - Starting MetaZebrobot application...
2025-03-14 12:50:54,829 - __main__ - INFO - Initializing main window...
2025-03-14 12:50:54,829 - metazebrobot.views.main_window - INFO - Initializing main window
2025-03-14 12:50:54,829 - metazebrobot.views.main_window - INFO - Loading data
2025-03-14 12:50:54,948 - metazebrobot.views.main_window - INFO - Setting up UI
2025-03-14 12:50:54,992 - __main__ - INFO - Application started successfully
2025-03-14 12:53:18,997 - root - INFO - Saving dish 15016_1, dof 20250226
2025-03-14 12:54:52,027 - root - INFO - Saving dish 15016_1, dof 20250226
2025-03-14 12:55:05,650 - root - INFO - Saving dish 15016_1, dof 20250226
2025-03-14 12:55:21,643 - root - INFO - Saving dish 15016_1, dof 20250226
2025-03-14 12:55:38,323 - root - INFO - Saving dish 15016_1, dof 20250226
2025-03-14 12:55:51,955 - root - INFO - Saving dish 15016_1, dof 20250226
2025-03-14 12:56:13,659 - root - INFO - Saving dish 15016_1, dof 20250226
2025-03-14 12:56:29,045 - root - INFO - Saving dish 15016_1, dof 20250226
2025-03-14 12:56:49,220 - root - INFO - Saving dish 15016_1, dof 20250226
2025-03-14 12:57:02,924 - root - INFO - Saving dish 15016_1, dof 20250226
2025-03-14 12:59:42,175 - root - INFO - Saving dish 15016_2, dof 20250226
2025-03-14 13:00:14,080 - root - INFO - Saving dish 15016_2, dof 20250226
2025-03-14 13:00:23,574 - root - INFO - Saving dish 15016_2, dof 20250226
2025-03-14 13:00:37,895 - root - INFO - Saving dish 15016_2, dof 20250226
2025-03-14 13:01:50,848 - root - INFO - Saving dish 15016_2, dof 20250226
2025-03-14 13:02:21,761 - root - INFO - Saving dish 15016_2, dof 20250226
2025-03-14 13:02:52,506 - root - INFO - Saving dish 15016_2, dof 20250226
2025-03-14 13:03:07,513 - root - INFO - Saving dish 15016_2, dof 20250226
2025-03-14 13:03:20,128 - root - INFO - Saving dish 15016_2, dof 20250226
2025-03-14 13:03:42,989 - root - INFO - Saving dish 15016_2, dof 20250226
2025-03-14 13:04:36,678 - root - INFO - Saving dish 15016_3, dof 20250226
2025-03-14 13:04:51,098 - root - INFO - Saving dish 15016_3, dof 20250226
2025-03-14 13:05:08,932 - root - INFO - Saving dish 15016_3, dof 20250226
2025-03-14 13:05:59,979 - root - INFO - Saving dish 15016_3, dof 20250226
2025-03-14 13:06:14,348 - root - INFO - Saving dish 15016_3, dof 20250226
2025-03-14 13:06:37,364 - root - INFO - Saving dish 15016_3, dof 20250226
2025-03-14 13:06:53,564 - root - INFO - Saving dish 15016_3, dof 20250226
2025-03-14 13:07:34,662 - root - INFO - Saving dish 15016_3, dof 20250226
2025-03-14 13:09:23,264 - root - INFO - Saving dish 15016_3, dof 20250226
2025-03-14 13:09:26,126 - root - INFO - Saving dish 15016_3, dof 20250226
2025-03-14 13:09:47,522 - root - INFO - Saving dish 15016_3, dof 20250226
2025-03-14 13:10:31,696 - root - INFO - Saving dish 15016_4, dof 20250226
2025-03-14 13:10:45,705 - root - INFO - Saving dish 15016_4, dof 20250226
2025-03-14 13:10:58,663 - root - INFO - Saving dish 15016_4, dof 20250226
2025-03-14 13:11:12,633 - root - INFO - Saving dish 15016_4, dof 20250226
2025-03-14 13:11:30,338 - root - INFO - Saving dish 15016_4, dof 20250226
2025-03-14 13:11:48,233 - root - INFO - Saving dish 15016_4, dof 20250226
2025-03-14 13:12:04,641 - root - INFO - Saving dish 15016_4, dof 20250226
2025-03-14 13:12:20,842 - root - INFO - Saving dish 15016_4, dof 20250226
2025-03-14 13:12:37,274 - root - INFO - Saving dish 15016_4, dof 20250226
2025-03-14 13:14:04,902 - root - INFO - Saving dish 15016_4, dof 20250226
2025-03-14 13:14:10,138 - metazebrobot.views.main_window - INFO - Closing application
2025-03-14 13:14:43,397 - __main__ - INFO - Starting MetaZebrobot application...
2025-03-14 13:14:43,415 - __main__ - INFO - Initializing main window...
2025-03-14 13:14:43,416 - metazebrobot.views.main_window - INFO - Initializing main window
2025-03-14 13:14:43,416 - metazebrobot.views.main_window - INFO - Loading data
2025-03-14 13:14:43,533 - metazebrobot.views.main_window - INFO - Setting up UI
2025-03-14 13:14:43,579 - __main__ - INFO - Application started successfully
2025-03-14 13:17:47,910 - metazebrobot.views.main_window - INFO - Closing application
2025-03-14 13:17:51,099 - __main__ - INFO - Starting MetaZebrobot application...
2025-03-14 13:17:51,135 - __main__ - INFO - Initializing main window...
2025-03-14 13:17:51,135 - metazebrobot.views.main_window - INFO - Initializing main window
2025-03-14 13:17:51,135 - metazebrobot.views.main_window - INFO - Loading data
2025-03-14 13:17:51,252 - metazebrobot.views.main_window - INFO - Setting up UI
2025-03-14 13:17:51,304 - __main__ - INFO - Application started successfully
2025-03-14 13:22:57,715 - metazebrobot.views.main_window - INFO - Closing application
2025-03-14 13:23:00,864 - __main__ - INFO - Starting MetaZebrobot application...
2025-03-14 13:23:00,893 - __main__ - INFO - Initializing main window...
2025-03-14 13:23:00,893 - metazebrobot.views.main_window - INFO - Initializing main window
2025-03-14 13:23:00,893 - metazebrobot.views.main_window - INFO - Loading data
2025-03-14 13:23:01,004 - metazebrobot.views.main_window - INFO - Setting up UI
2025-03-14 13:23:01,052 - __main__ - INFO - Application started successfully
2025-03-14 13:23:57,796 - metazebrobot.views.main_window - INFO - Closing application
2025-03-14 13:23:59,072 - __main__ - INFO - Starting MetaZebrobot application...
2025-03-14 13:23:59,103 - __main__ - INFO - Initializing main window...
2025-03-14 13:23:59,104 - metazebrobot.views.main_window - INFO - Initializing main window
2025-03-14 13:23:59,104 - metazebrobot.views.main_window - INFO - Loading data
2025-03-14 13:23:59,221 - metazebrobot.views.main_window - INFO - Setting up UI
2025-03-14 13:23:59,267 - __main__ - INFO - Application started successfully
2025-03-14 13:24:07,093 - metazebrobot.views.main_window - INFO - Closing application
